# 24931
# [FAILED] taskpool.SequenceRunner.TaskWithDifferentParamsTest
# expected equality failed: '0' === '30'
ets-common-tests/taskpool/seqrunner_tasks.ets

# 31821
# [FAILED] taskpool.AsyncRunner.TaskWithDifferentParamsTest
# expected equality failed: '0' === '30'
ets-common-tests/taskpool/asyncrunner_tasks.ets

# 24986
ets-common-tests/generics/generics_method.ets